This is pdfTeX, Version 3.14159-14h-released-20010417 (Web2C 7.3.3.1) (format=pdflatex 2002.8.29)  26 JAN 2003 19:35
**questions
(./questions.tex{/usr/share/texmf/pdftex/config/pdftex.cfg}
LaTeX2e <2000/06/01>
Babel <v3.7h> and hyphenation patterns for american, french, german, ngerman, i
talian, nohyphenation, loaded.
(/usr/share/texmf/tex/latex/base/article.cls
Document Class: article 2000/05/19 v1.4b Standard LaTeX document class
(/usr/share/texmf/tex/latex/base/size11.clo
File: size11.clo 2000/05/19 v1.4b Standard LaTeX file (size option)
)
\c@part=\count79
\c@section=\count80
\c@subsection=\count81
\c@subsubsection=\count82
\c@paragraph=\count83
\c@subparagraph=\count84
\c@figure=\count85
\c@table=\count86
\abovecaptionskip=\skip41
\belowcaptionskip=\skip42
\bibindent=\dimen102
)
(/usr/share/texmf/tex/latex/base/latexsym.sty
Package: latexsym 1998/08/17 v2.2e Standard LaTeX package (lasy symbols)
\symlasy=\mathgroup4
LaTeX Font Info:    Overwriting symbol font `lasy' in version `bold'
(Font)                  U/lasy/m/n --> U/lasy/b/n on input line 42.
)
(/usr/share/texmf/tex/latex/amsmath/amsmath.sty
Package: amsmath 2000/07/18 v2.13 AMS math features
\@mathmargin=\skip43

For additional information on amsmath, use the `?' option.
(/usr/share/texmf/tex/latex/amsmath/amstext.sty
Package: amstext 2000/06/29 v2.01

(/usr/share/texmf/tex/latex/amsmath/amsgen.sty
File: amsgen.sty 1999/11/30 v2.0
\@emptytoks=\toks14
\ex@=\dimen103
))
(/usr/share/texmf/tex/latex/amsmath/amsbsy.sty
Package: amsbsy 1999/11/29 v1.2d
\pmbraise@=\dimen104
)
(/usr/share/texmf/tex/latex/amsmath/amsopn.sty
Package: amsopn 1999/12/14 v2.01 operator names
)
\inf@bad=\count87
LaTeX Info: Redefining \frac on input line 211.
\uproot@=\count88
\leftroot@=\count89
LaTeX Info: Redefining \overline on input line 307.
\classnum@=\count90
\DOTSCASE@=\count91
LaTeX Info: Redefining \ldots on input line 379.
LaTeX Info: Redefining \dots on input line 382.
LaTeX Info: Redefining \cdots on input line 467.
\Mathstrutbox@=\box26
\strutbox@=\box27
\big@size=\dimen105
LaTeX Font Info:    Redeclaring font encoding OML on input line 567.
LaTeX Font Info:    Redeclaring font encoding OMS on input line 568.
\macc@depth=\count92
\c@MaxMatrixCols=\count93
\dotsspace@=\muskip10
\c@parentequation=\count94
\dspbrk@lvl=\count95
\tag@help=\toks15
\row@=\count96
\column@=\count97
\maxfields@=\count98
\andhelp@=\toks16
\eqnshift@=\dimen106
\alignsep@=\dimen107
\tagshift@=\dimen108
\tagwidth@=\dimen109
\totwidth@=\dimen110
\lineht@=\dimen111
\@envbody=\toks17
\multlinegap=\skip44
\multlinetaggap=\skip45
\mathdisplay@stack=\toks18
LaTeX Info: Redefining \[ on input line 2666.
LaTeX Info: Redefining \] on input line 2667.
)
(/usr/share/texmf/tex/latex/amscls/amsthm.sty
Package: amsthm 2000/10/26 v2.08
\thm@style=\toks19
\thm@bodyfont=\toks20
\thm@headfont=\toks21
\thm@notefont=\toks22
\thm@headpunct=\toks23
\thm@preskip=\skip46
\thm@postskip=\skip47
\thm@headsep=\skip48
\dth@everypar=\toks24
)
(/usr/share/texmf/tex/latex/amsfonts/amsfonts.sty
Package: amsfonts 1997/09/17 v2.2e
\symAMSa=\mathgroup5
\symAMSb=\mathgroup6
LaTeX Font Info:    Overwriting math alphabet `\mathfrak' in version `bold'
(Font)                  U/euf/m/n --> U/euf/b/n on input line 133.
)
(/usr/share/texmf/tex/latex/amsfonts/amssymb.sty
Package: amssymb 1996/11/03 v2.2b
)
(/usr/share/texmf/tex/latex/graphics/graphicx.sty
Package: graphicx 1999/02/16 v1.0f Enhanced LaTeX Graphics (DPC,SPQR)

(/usr/share/texmf/tex/latex/graphics/keyval.sty
Package: keyval 1999/03/16 v1.13 key=value parser (DPC)
\KV@toks@=\toks25
)
(/usr/share/texmf/tex/latex/graphics/graphics.sty
Package: graphics 1999/02/16 v1.0l Standard LaTeX Graphics (DPC,SPQR)

(/usr/share/texmf/tex/latex/graphics/trig.sty
Package: trig 1999/03/16 v1.09 sin cos tan (DPC)
)
(/usr/share/texmf/tex/latex/config/graphics.cfg)
Package graphics Info: Driver file: pdftex.def on input line 80.

(/usr/share/texmf/tex/latex/graphics/pdftex.def
File: pdftex.def 2001/11/29 v0.03i graphics/color for pdftex
\Gread@gobject=\count99
))
\Gin@req@height=\dimen112
\Gin@req@width=\dimen113
)
(/usr/share/texmf/tex/latex/misc/comment.sty
\CommentStream=\write3
 Excluding comment 'comment')
\c@thm=\count100

(./questions.aux)
\openout1 = `questions.aux'.

LaTeX Font Info:    Checking defaults for OML/cmm/m/it on input line 60.
LaTeX Font Info:    ... okay on input line 60.
LaTeX Font Info:    Checking defaults for T1/cmr/m/n on input line 60.
LaTeX Font Info:    ... okay on input line 60.
LaTeX Font Info:    Checking defaults for OT1/cmr/m/n on input line 60.
LaTeX Font Info:    ... okay on input line 60.
LaTeX Font Info:    Checking defaults for OMS/cmsy/m/n on input line 60.
LaTeX Font Info:    ... okay on input line 60.
LaTeX Font Info:    Checking defaults for OMX/cmex/m/n on input line 60.
LaTeX Font Info:    ... okay on input line 60.
LaTeX Font Info:    Checking defaults for U/cmr/m/n on input line 60.
LaTeX Font Info:    ... okay on input line 60.
 (/usr/share/texmf/tex/context/base/supp-pdf.tex
(/usr/share/texmf/tex/context/base/supp-mis.tex
loading : Context Support Macros / Missing
\protectiondepth=\count101
\scratchcounter=\count102
\scratchtoks=\toks26
\scratchdimen=\dimen114
\scratchskip=\skip49
\scratchmuskip=\muskip11
\scratchbox=\box28
\scratchread=\read1
\scratchwrite=\write4
\zeropoint=\dimen115
\nextbox=\box29
\nextdepth=\dimen116
\everyline=\toks27
\!!counta=\count103
\!!countb=\count104
\recursecounter=\count105
)
loading : Context Support Macros / PDF
\nofMPsegments=\count106
\nofMParguments=\count107
\everyMPtoPDFconversion=\toks28
)
LaTeX Font Info:    Try loading font information for U+lasy on input line 65.
 (/usr/share/texmf/tex/latex/base/ulasy.fd
File: ulasy.fd 1998/08/17 v2.2eLaTeX symbol font definitions
)
LaTeX Font Info:    Try loading font information for U+msa on input line 65.

(/usr/share/texmf/tex/latex/amsfonts/umsa.fd
File: umsa.fd 1995/01/05 v2.2e AMS font definitions
)
LaTeX Font Info:    Try loading font information for U+msb on input line 65.

(/usr/share/texmf/tex/latex/amsfonts/umsb.fd
File: umsb.fd 1995/01/05 v2.2e AMS font definitions
) [1

{/usr/share/texmf/dvips/config/pdftex.map}]
Overfull \hbox (2.58414pt too wide) in paragraph at lines 128--133
/cmr10@10.95pt/Sageev], see /cmtt10@10.95pt/http://andromeda.rutgers.edu$/cmmi1
0@10.95pt/= /cmsy10@10.95pt/^^X$/cmtt10@10.95pt/mosher/HighDHyp.ps/cmr10@10.95p
t/. See
 []

[2] [3] [4] [5] [6] [7]
Overfull \hbox (24.11926pt too wide) in paragraph at lines 519--523
/cmr10@10.95pt/that the an-swer is yes. See /cmtt10@10.95pt/http://front.math.u
cdavis.edu/math.GR/0010204
 []

[8] [9] [10]
Overfull \hbox (5.96921pt too wide) in paragraph at lines 685--686
/cmbx10@10.95pt/Q 4.1. /cmti10@10.95pt/(de la Harpe) Is $/cmmi10@10.95pt/PSL[]/
cmr10@10.95pt/(/msbm10@10.95pt/R/cmr10@10.95pt/)$ /cmti10@10.95pt/a max-i-mal c
losed sub-group of $/cmmi10@10.95pt/Homeo[]/cmr10@10.95pt/(/cmmi10@10.95pt/S[]/
cmr10@10.95pt/)$/cmti10@10.95pt/? 
 []

[11] [12]
Overfull \hbox (1.92126pt too wide) in paragraph at lines 787--788
[]/cmtt10@10.95pt/ftp://byrd.math.uga.edu/pub/html/archive/leary-nucinkis.html 

 []

[13] [14] [15] [16] [17] [18]
Overfull \hbox (92.38304pt too wide) in paragraph at lines 1109--1112
/cmr10@10.95pt/com-plex'' (/cmtt10@10.95pt/http://www.math.uchicago.edu/$/cmsy1
0@10.95pt/^^X$/cmtt10@10.95pt/brock/home/text/papers/wp/www/wp.ps.gz/cmr10@10.9
5pt/). 
 []

[19] [20] [21]
LaTeX Font Info:    Try loading font information for OMS+cmr on input line 1270
.
 (/usr/share/texmf/tex/latex/base/omscmr.fd
File: omscmr.fd 1999/05/25 v2.5h Standard LaTeX font definitions
)
LaTeX Font Info:    Font shape `OMS/cmr/m/n' in size <10.95> not available
(Font)              Font shape `OMS/cmsy/m/n' tried instead on input line 1270.


Overfull \hbox (0.43376pt too wide) in paragraph at lines 1288--1290
[]/cmr10@10.95pt/See J. Bir-man: "New points of View in knot the-ory", Bull AMS
 /cmbx10@10.95pt/28/cmr10@10.95pt/(1993),
 []

[22]
Overfull \hbox (5.70525pt too wide) in paragraph at lines 1336--1338
/cmbx10@10.95pt/Q 13.5. /cmti10@10.95pt/(Sey-mour Bach-mut) Is $/cmmi10@10.95pt
/SL[]/cmr10@10.95pt/(/cmmi10@10.95pt/K/cmr10@10.95pt/)$ /cmti10@10.95pt/finitel
y gen-er-ated for $/cmmi10@10.95pt/K /cmr10@10.95pt/= /msbm10@10.95pt/Z/cmr10@1
0.95pt/[/cmmi10@10.95pt/X; X[]/cmr10@10.95pt/]$
 []

[23] [24] (./questions.aux) ) 
Here is how much of TeX's memory you used:
 1967 strings out of 50460
 22775 string characters out of 688477
 72276 words of memory out of 1500001
 4937 multiletter control sequences out of 10000+25000
 17165 words of font info for 69 fonts, out of 400000 for 1000
 14 hyphenation exceptions out of 10000
 27i,8n,22p,221b,267s stack positions out of 3000i,500n,3000p,50000b,5000s
</usr/share/texmf/fonts/type1/bluesky/cm/cmmi6.pfb
></usr/share/texmf/fonts/type1/bluesky/cm/cmsy6.pfb></usr/share/texmf/fonts/typ
e1/bluesky/symbols/msbm7.pfb></usr/share/texmf/fonts/type1/bluesky/cm/cmex10.pf
b></usr/share/texmf/fonts/type1/bluesky/cm/cmmi12.pfb></usr/share/texmf/fonts/t
ype1/bluesky/symbols/msbm10.pfb></usr/share/texmf/fonts/type1/bluesky/cm/cmmi8.
pfb></usr/share/texmf/fonts/type1/bluesky/cm/cmr8.pfb></usr/share/texmf/fonts/t
ype1/bluesky/cm/cmsy8.pfb></usr/share/texmf/fonts/type1/bluesky/cm/cmmi10.pfb><
/usr/share/texmf/fonts/type1/bluesky/cm/cmti10.pfb></usr/share/texmf/fonts/type
1/bluesky/cm/cmbx10.pfb></usr/share/texmf/fonts/type1/bluesky/cm/cmr10.pfb></us
r/share/texmf/fonts/type1/bluesky/cm/cmsy10.pfb></usr/share/texmf/fonts/type1/b
luesky/cm/cmtt10.pfb></usr/share/texmf/fonts/type1/bluesky/cm/cmr12.pfb></usr/s
hare/texmf/fonts/type1/bluesky/cm/cmbx12.pfb>
Output written on questions.pdf (24 pages, 207996 bytes).
